
===== RS Momentum / 15m / gross =====
WARNING Cache miss (cache-only): ^NSEI @ 1d — no data available
  HINDUNILVR     n=  13 WR= 23.1 PF=  0.38 avgR=-0.510 PnL%=  -2.20 net₹=    -1098
WARNING Cache miss (cache-only): ^NSEI @ 1d — no data available
  MARUTI         n=  19 WR= 21.1 PF=  0.42 avgR=-0.445 PnL%=  -2.70 net₹=    -1348
WARNING Cache miss (cache-only): ^NSEI @ 1d — no data available
  ADANIENT       n=  37 WR= 37.8 PF=  1.60 avgR=+0.285 PnL%=  +6.46 net₹=    +3231
WARNING Cache miss (cache-only): ^NSEI @ 1d — no data available
  NESTLEIND      n=  17 WR= 29.4 PF=  0.96 avgR=-0.026 PnL%=  -0.21 net₹=     -104
WARNING Cache miss (cache-only): ^NSEI @ 1d — no data available
  TATACONSUM     n=  16 WR= 50.0 PF=  1.26 avgR=+0.274 PnL%=  +1.16 net₹=     +582
WARNING Cache miss (cache-only): ^NSEI @ 1d — no data available
  EICHERMOT      n=  24 WR= 41.7 PF=  1.41 avgR=+0.162 PnL%=  +2.07 net₹=    +1036
WARNING Upstox search API error 500 for CIPLA
WARNING Could not resolve CIPLA.NS — falling back to raw symbol
WARNING Cache miss (cache-only): ^NSEI @ 1d — no data available
  ICICIBANK      n=  23 WR= 47.8 PF=  1.60 avgR=+0.377 PnL%=  +2.53 net₹=    +1266
WARNING Cache miss (cache-only): ^NSEI @ 1d — no data available
  OIL            n=  20 WR= 20.0 PF=  0.51 avgR=-0.351 PnL%=  -3.69 net₹=    -1843
WARNING Cache miss (cache-only): ^NSEI @ 1d — no data available
  ABB            n=  24 WR= 41.7 PF=  1.53 avgR=+0.227 PnL%=  +2.91 net₹=    +1456
WARNING Cache miss (cache-only): ^NSEI @ 1d — no data available
  TORNTPHARM     n=  39 WR= 48.7 PF=  1.86 avgR=+0.430 PnL%=  +7.71 net₹=    +3854
WARNING Cache miss (cache-only): ^NSEI @ 1d — no data available
  TECHM          n=  21 WR= 52.4 PF=  2.32 avgR=+0.533 PnL%=  +5.74 net₹=    +2871
WARNING Cache miss (cache-only): ^NSEI @ 1d — no data available
  WIPRO          n=  15 WR= 26.7 PF=  0.37 avgR=-0.458 PnL%=  -2.61 net₹=    -1306
WARNING Cache miss (cache-only): ^NSEI @ 1d — no data available
  INFY           n=  18 WR= 44.4 PF=  1.81 avgR=+0.400 PnL%=  +3.50 net₹=    +1749
WARNING Cache miss (cache-only): ^NSEI @ 1d — no data available
  ONGC           n=  14 WR= 21.4 PF=  0.59 avgR=-0.312 PnL%=  -1.93 net₹=     -965
WARNING Cache miss (cache-only): ^NSEI @ 1d — no data available
  BHARTIARTL     n=  11 WR= 63.6 PF=  5.13 avgR=+1.087 PnL%=  +4.99 net₹=    +2496
WARNING Cache miss (cache-only): ^NSEI @ 1d — no data available
  BSE            n=  34 WR= 41.2 PF=  1.43 avgR=+0.346 PnL%=  +3.96 net₹=    +1980
WARNING Cache miss (cache-only): ^NSEI @ 1d — no data available
  PIDILITIND     n=  28 WR= 28.6 PF=  0.93 avgR=-0.070 PnL%=  -0.57 net₹=     -285
WARNING Cache miss (cache-only): ^NSEI @ 1d — no data available
  HDFCBANK       n=  18 WR= 27.8 PF=  0.83 avgR=+0.046 PnL%=  -0.78 net₹=     -389
WARNING Cache miss (cache-only): ^NSEI @ 1d — no data available
  ICICIPRULI     n=  30 WR= 40.0 PF=  1.32 avgR=+0.331 PnL%=  +2.68 net₹=    +1340
WARNING Cache miss (cache-only): ^NSEI @ 1d — no data available
  ITC            n=   8 WR= 12.5 PF=  0.40 avgR=-0.562 PnL%=  -1.38 net₹=     -688
WARNING Cache miss (cache-only): ^NSEI @ 1d — no data available
  BEL            n=  16 WR= 37.5 PF=  1.06 avgR=+0.109 PnL%=  +0.24 net₹=     +119
WARNING Cache miss (cache-only): ^NSEI @ 1d — no data available
  DIVISLAB       n=  19 WR= 10.5 PF=  0.29 avgR=-0.632 PnL%=  -4.54 net₹=    -2268
WARNING Cache miss (cache-only): ^NSEI @ 1d — no data available
  COALINDIA      n=  15 WR= 20.0 PF=  0.64 avgR=-0.245 PnL%=  -1.77 net₹=     -885
WARNING Cache miss (cache-only): ^NSEI @ 1d — no data available
  TCS            n=  16 WR= 37.5 PF=  1.25 avgR=+0.202 PnL%=  +1.10 net₹=     +550
WARNING Cache miss (cache-only): ^NSEI @ 1d — no data available
  RELIANCE       n=   7 WR= 42.9 PF=  2.51 avgR=+0.589 PnL%=  +1.56 net₹=     +782
WARNING Cache miss (cache-only): ^NSEI @ 1d — no data available
  SBIN           n=  15 WR= 26.7 PF=  0.79 avgR=-0.164 PnL%=  -0.81 net₹=     -404
WARNING Cache miss (cache-only): ^NSEI @ 1d — no data available
  LT             n=  13 WR= 15.4 PF=  0.50 avgR=-0.391 PnL%=  -1.65 net₹=     -827
WARNING Cache miss (cache-only): ^NSEI @ 1d — no data available
  AXISBANK       n=  14 WR= 14.3 PF=  0.37 avgR=-0.500 PnL%=  -3.19 net₹=    -1596
WARNING Cache miss (cache-only): ^NSEI @ 1d — no data available
  KOTAKBANK      n=  18 WR= 33.3 PF=  0.85 avgR=-0.071 PnL%=  -0.74 net₹=     -369

===== RS Momentum / 1h / gross =====
WARNING Cache miss (cache-only): ^NSEI @ 1d — no data available
  HINDUNILVR     no LONG trades
WARNING Cache miss (cache-only): ^NSEI @ 1d — no data available
  MARUTI         n=   1 WR=  0.0 PF=  0.00 avgR=-1.000 PnL%=  -0.48 net₹=     -241
WARNING Cache miss (cache-only): ^NSEI @ 1d — no data available
  ADANIENT       no LONG trades
WARNING Cache miss (cache-only): ^NSEI @ 1d — no data available
  NESTLEIND      no LONG trades
WARNING Cache miss (cache-only): ^NSEI @ 1d — no data available
  TATACONSUM     no LONG trades
WARNING Cache miss (cache-only): ^NSEI @ 1d — no data available
  EICHERMOT      no LONG trades
WARNING Cache miss (cache-only): ^NSEI @ 1d — no data available
  CIPLA          no LONG trades
WARNING Cache miss (cache-only): ^NSEI @ 1d — no data available
  ICICIBANK      no LONG trades
WARNING Cache miss (cache-only): ^NSEI @ 1d — no data available
  OIL            no LONG trades
WARNING Cache miss (cache-only): ^NSEI @ 1d — no data available
  ABB            no LONG trades
WARNING Cache miss (cache-only): ^NSEI @ 1d — no data available
  TORNTPHARM     n=   1 WR=  0.0 PF=  0.00 avgR=-1.000 PnL%=  -0.49 net₹=     -243
WARNING Cache miss (cache-only): ^NSEI @ 1d — no data available
  TECHM          no LONG trades
WARNING Cache miss (cache-only): ^NSEI @ 1d — no data available
  WIPRO          no LONG trades
WARNING Cache miss (cache-only): ^NSEI @ 1d — no data available
  INFY           no LONG trades
WARNING Cache miss (cache-only): ^NSEI @ 1d — no data available
  ONGC           no LONG trades
WARNING Cache miss (cache-only): ^NSEI @ 1d — no data available
  BHARTIARTL     no LONG trades
WARNING Cache miss (cache-only): ^NSEI @ 1d — no data available
  BSE            no LONG trades
WARNING Cache miss (cache-only): ^NSEI @ 1d — no data available
  PIDILITIND     no LONG trades
WARNING Cache miss (cache-only): ^NSEI @ 1d — no data available
  HDFCBANK       no LONG trades
WARNING Cache miss (cache-only): ^NSEI @ 1d — no data available
  ICICIPRULI     no LONG trades
WARNING Cache miss (cache-only): ^NSEI @ 1d — no data available
  ITC            no LONG trades
WARNING Cache miss (cache-only): ^NSEI @ 1d — no data available
  BEL            n=   1 WR=100.0 PF=716.04 avgR=+2.495 PnL%=  +1.43 net₹=     +716
WARNING Cache miss (cache-only): ^NSEI @ 1d — no data available
  DIVISLAB       no LONG trades
WARNING Cache miss (cache-only): ^NSEI @ 1d — no data available
  COALINDIA      no LONG trades
WARNING Cache miss (cache-only): ^NSEI @ 1d — no data available
  TCS            no LONG trades
WARNING Cache miss (cache-only): ^NSEI @ 1d — no data available
  RELIANCE       no LONG trades
WARNING Cache miss (cache-only): ^NSEI @ 1d — no data available
  SBIN           no LONG trades
WARNING Cache miss (cache-only): ^NSEI @ 1d — no data available
  LT             no LONG trades
WARNING Cache miss (cache-only): ^NSEI @ 1d — no data available
  AXISBANK       no LONG trades
WARNING Cache miss (cache-only): ^NSEI @ 1d — no data available
  KOTAKBANK      no LONG trades

Saved -> data/results/rs_oos_20260713_181651/rs_oos_gross.json
