
===== 15m / costs =====
WARNING Cache miss (cache-only): ^NSEI @ 1d — no data available
  HINDUNILVR       n= 124 WR= 54.0 PF=  1.26 avgR=+0.097 PnL%=  +4.49 DD=   2.8
WARNING Cache miss (cache-only): ^NSEI @ 1d — no data available
  MARUTI           n= 129 WR= 48.8 PF=  0.93 avgR=-0.009 PnL%=  -1.42 DD=   3.8
WARNING Cache miss (cache-only): ^NSEI @ 1d — no data available
  ADANIENT         n=  95 WR= 53.7 PF=  1.29 avgR=+0.083 PnL%=  +5.28 DD=   3.0
WARNING Cache miss (cache-only): ^NSEI @ 1d — no data available
  NESTLEIND        n= 117 WR= 46.1 PF=  1.00 avgR=-0.033 PnL%=  +0.04 DD=   3.0
WARNING Cache miss (cache-only): ^NSEI @ 1d — no data available
  TATACONSUM       n= 144 WR= 51.4 PF=  1.08 avgR=+0.046 PnL%=  +2.10 DD=   4.5
WARNING Cache miss (cache-only): ^NSEI @ 1d — no data available
  EICHERMOT        n= 113 WR= 50.4 PF=  1.02 avgR=+0.026 PnL%=  +0.47 DD=   4.3
WARNING Cache miss (cache-only): ^NSEI @ 1d — no data available
  CIPLA            n= 123 WR= 50.4 PF=  1.02 avgR=+0.016 PnL%=  +0.52 DD=   4.9
WARNING Cache miss (cache-only): ^NSEI @ 1d — no data available
  ICICIBANK        n= 100 WR= 60.0 PF=  1.97 avgR=+0.343 PnL%= +10.85 DD=   1.2
WARNING Cache miss (cache-only): ^NSEI @ 1d — no data available
  OIL              n= 139 WR= 54.7 PF=  1.20 avgR=+0.141 PnL%=  +5.25 DD=   3.6
WARNING Cache miss (cache-only): ^NSEI @ 1d — no data available
  ABB              n= 116 WR= 47.4 PF=  0.88 avgR=-0.043 PnL%=  -3.01 DD=   6.4
WARNING Cache miss (cache-only): ^NSEI @ 1d — no data available
  TORNTPHARM       n=  80 WR= 38.8 PF=  0.53 avgR=-0.231 PnL%=  -9.34 DD=  10.3
WARNING Cache miss (cache-only): ^NSEI @ 1d — no data available
  TECHM            n= 103 WR= 43.7 PF=  0.80 avgR=-0.085 PnL%=  -4.73 DD=  11.0
WARNING Cache miss (cache-only): ^NSEI @ 1d — no data available
  WIPRO            n= 134 WR= 48.5 PF=  0.98 avgR=+0.026 PnL%=  -0.40 DD=   5.4
WARNING Cache miss (cache-only): ^NSEI @ 1d — no data available
  INFY             n= 128 WR= 54.7 PF=  1.24 avgR=+0.124 PnL%=  +5.34 DD=   3.0
WARNING Cache miss (cache-only): ^NSEI @ 1d — no data available
  ONGC             n= 143 WR= 54.5 PF=  1.33 avgR=+0.156 PnL%=  +7.48 DD=   3.0
WARNING Cache miss (cache-only): ^NSEI @ 1d — no data available
  BHARTIARTL       n= 108 WR= 61.1 PF=  1.68 avgR=+0.244 PnL%=  +9.13 DD=   2.3
WARNING Cache miss (cache-only): ^NSEI @ 1d — no data available
  BSE              n= 115 WR= 48.7 PF=  1.05 avgR=-0.021 PnL%=  +1.24 DD=   5.2
WARNING Cache miss (cache-only): ^NSEI @ 1d — no data available
  PIDILITIND       n=  73 WR= 41.1 PF=  0.75 avgR=-0.140 PnL%=  -3.56 DD=   4.2
WARNING Cache miss (cache-only): ^NSEI @ 1d — no data available
  HDFCBANK         n= 104 WR= 53.9 PF=  1.21 avgR=+0.076 PnL%=  +3.63 DD=   4.2
WARNING Cache miss (cache-only): ^NSEI @ 1d — no data available
  ICICIPRULI       n= 124 WR= 54.0 PF=  1.32 avgR=+0.206 PnL%=  +7.94 DD=   4.8
WARNING Cache miss (cache-only): ^NSEI @ 1d — no data available
  ITC              n= 132 WR= 49.2 PF=  1.10 avgR=+0.043 PnL%=  +1.81 DD=   4.9
WARNING Cache miss (cache-only): ^NSEI @ 1d — no data available
  BEL              n= 102 WR= 51.0 PF=  1.11 avgR=+0.002 PnL%=  +1.98 DD=   5.1
WARNING Cache miss (cache-only): ^NSEI @ 1d — no data available
  DIVISLAB         n= 114 WR= 41.2 PF=  0.83 avgR=-0.162 PnL%=  -3.54 DD=   4.0
WARNING Cache miss (cache-only): ^NSEI @ 1d — no data available
  COALINDIA        n= 134 WR= 61.2 PF=  1.76 avgR=+0.252 PnL%= +13.25 DD=   2.0
WARNING Cache miss (cache-only): ^NSEI @ 1d — no data available
  TCS              n= 148 WR= 53.4 PF=  1.13 avgR=+0.130 PnL%=  +3.61 DD=   5.3
WARNING Cache miss (cache-only): ^NSEI @ 1d — no data available
  RELIANCE         n= 123 WR= 57.7 PF=  1.43 avgR=+0.172 PnL%=  +7.38 DD=   2.7
WARNING Cache miss (cache-only): ^NSEI @ 1d — no data available
  SBIN             n= 113 WR= 57.5 PF=  1.49 avgR=+0.139 PnL%=  +7.56 DD=   2.9
WARNING Cache miss (cache-only): ^NSEI @ 1d — no data available
  LT               n= 135 WR= 61.5 PF=  1.48 avgR=+0.178 PnL%=  +7.96 DD=   2.1
WARNING Cache miss (cache-only): ^NSEI @ 1d — no data available
  AXISBANK         n= 129 WR= 52.7 PF=  1.30 avgR=+0.137 PnL%=  +6.82 DD=   4.6
WARNING Cache miss (cache-only): ^NSEI @ 1d — no data available
  KOTAKBANK        n= 116 WR= 47.4 PF=  0.90 avgR=-0.023 PnL%=  -2.26 DD=   5.0

===== 1h / costs =====
WARNING Cache miss (cache-only): ^NSEI @ 1d — no data available
  HINDUNILVR       n=  80 WR= 45.0 PF=  0.76 avgR=-0.098 PnL%=  -4.34 DD=   5.5
WARNING Cache miss (cache-only): ^NSEI @ 1d — no data available
  MARUTI           n=  74 WR= 41.9 PF=  0.81 avgR=-0.107 PnL%=  -3.19 DD=   5.8
WARNING Cache miss (cache-only): ^NSEI @ 1d — no data available
  ADANIENT         n=  81 WR= 46.9 PF=  0.83 avgR=-0.076 PnL%=  -3.44 DD=   5.5
WARNING Cache miss (cache-only): ^NSEI @ 1d — no data available
  NESTLEIND        n=  78 WR= 46.1 PF=  0.78 avgR=-0.090 PnL%=  -4.49 DD=   6.1
WARNING Cache miss (cache-only): ^NSEI @ 1d — no data available
  TATACONSUM       n=  69 WR= 56.5 PF=  1.34 avgR=+0.142 PnL%=  +5.32 DD=   2.7
WARNING Cache miss (cache-only): ^NSEI @ 1d — no data available
  EICHERMOT        n=  43 WR= 58.1 PF=  1.26 avgR=+0.109 PnL%=  +2.11 DD=   2.2
WARNING Cache miss (cache-only): ^NSEI @ 1d — no data available
  CIPLA            n=  58 WR= 50.0 PF=  0.92 avgR=-0.034 PnL%=  -1.15 DD=   7.2
WARNING Cache miss (cache-only): ^NSEI @ 1d — no data available
  ICICIBANK        n=  44 WR= 43.2 PF=  0.85 avgR=-0.099 PnL%=  -1.70 DD=   4.2
WARNING Cache miss (cache-only): ^NSEI @ 1d — no data available
  OIL              n=  63 WR= 49.2 PF=  0.98 avgR=+0.001 PnL%=  -0.36 DD=   2.6
WARNING Cache miss (cache-only): ^NSEI @ 1d — no data available
  ABB              n=  57 WR= 43.9 PF=  0.75 avgR=-0.110 PnL%=  -3.58 DD=   4.2
WARNING Cache miss (cache-only): ^NSEI @ 1d — no data available
  TORNTPHARM       n=  34 WR= 44.1 PF=  0.78 avgR=-0.113 PnL%=  -2.02 DD=   3.0
WARNING Cache miss (cache-only): ^NSEI @ 1d — no data available
  TECHM            n=  43 WR= 34.9 PF=  0.48 avgR=-0.337 PnL%=  -7.30 DD=   7.3
WARNING Cache miss (cache-only): ^NSEI @ 1d — no data available
  WIPRO            n=  51 WR= 37.2 PF=  0.56 avgR=-0.267 PnL%=  -7.17 DD=   7.3
WARNING Cache miss (cache-only): ^NSEI @ 1d — no data available
  INFY             n=  59 WR= 54.2 PF=  1.08 avgR=+0.039 PnL%=  +1.07 DD=   5.2
WARNING Cache miss (cache-only): ^NSEI @ 1d — no data available
  ONGC             n=  64 WR= 54.7 PF=  1.21 avgR=+0.103 PnL%=  +3.11 DD=   5.9
WARNING Cache miss (cache-only): ^NSEI @ 1d — no data available
  BHARTIARTL       n=  37 WR= 43.2 PF=  0.56 avgR=-0.243 PnL%=  -4.53 DD=   5.1
WARNING Cache miss (cache-only): ^NSEI @ 1d — no data available
  BSE              n=  61 WR= 54.1 PF=  1.24 avgR=+0.088 PnL%=  +3.19 DD=   2.8
WARNING Cache miss (cache-only): ^NSEI @ 1d — no data available
  PIDILITIND       n=  57 WR= 50.9 PF=  1.06 avgR=-0.012 PnL%=  +0.84 DD=   3.7
WARNING Cache miss (cache-only): ^NSEI @ 1d — no data available
  HDFCBANK         n=  57 WR= 49.1 PF=  0.96 avgR=-0.011 PnL%=  -0.57 DD=   4.2
WARNING Cache miss (cache-only): ^NSEI @ 1d — no data available
  ICICIPRULI       n=  68 WR= 50.0 PF=  0.98 avgR=+0.003 PnL%=  -0.28 DD=   5.0
WARNING Cache miss (cache-only): ^NSEI @ 1d — no data available
  ITC              n=  66 WR= 42.4 PF=  0.71 avgR=-0.164 PnL%=  -4.81 DD=   6.7
WARNING Cache miss (cache-only): ^NSEI @ 1d — no data available
  BEL              n=  46 WR= 45.6 PF=  0.77 avgR=-0.100 PnL%=  -3.06 DD=   4.5
WARNING Cache miss (cache-only): ^NSEI @ 1d — no data available
  DIVISLAB         n=  50 WR= 44.0 PF=  0.73 avgR=-0.161 PnL%=  -3.77 DD=   4.7
WARNING Cache miss (cache-only): ^NSEI @ 1d — no data available
  COALINDIA        n=  54 WR= 50.0 PF=  1.04 avgR=+0.035 PnL%=  +0.51 DD=   2.7
WARNING Cache miss (cache-only): ^NSEI @ 1d — no data available
  TCS              n=  59 WR= 45.8 PF=  0.93 avgR=-0.036 PnL%=  -0.96 DD=   3.2
WARNING Cache miss (cache-only): ^NSEI @ 1d — no data available
  RELIANCE         n=  70 WR= 42.9 PF=  0.78 avgR=-0.138 PnL%=  -4.16 DD=   5.9
WARNING Cache miss (cache-only): ^NSEI @ 1d — no data available
  SBIN             n=  47 WR= 44.7 PF=  0.76 avgR=-0.118 PnL%=  -3.11 DD=   3.8
WARNING Cache miss (cache-only): ^NSEI @ 1d — no data available
  LT               n=  59 WR= 52.5 PF=  1.07 avgR=+0.062 PnL%=  +0.93 DD=   2.9
WARNING Cache miss (cache-only): ^NSEI @ 1d — no data available
  AXISBANK         n=  59 WR= 42.4 PF=  0.77 avgR=-0.110 PnL%=  -3.64 DD=   5.5
WARNING Cache miss (cache-only): ^NSEI @ 1d — no data available
  KOTAKBANK        n=  67 WR= 44.8 PF=  0.83 avgR=-0.073 PnL%=  -2.78 DD=   5.1

Saved -> data/results/short_oos_20260713_172145/short_oos_costs.json
