
===== 15m / gross =====
WARNING Cache miss (cache-only): ^NSEI @ 1d — no data available
  HINDUNILVR       n= 124 WR= 54.0 PF=  1.26 avgR=+0.097 PnL%=  +4.49 DD=   2.8
WARNING Cache miss (cache-only): ^NSEI @ 1d — no data available
  MARUTI           n= 129 WR= 48.8 PF=  0.93 avgR=-0.009 PnL%=  -1.42 DD=   3.8
WARNING Cache miss (cache-only): ^NSEI @ 1d — no data available
  ADANIENT         n=  95 WR= 53.7 PF=  1.29 avgR=+0.083 PnL%=  +5.28 DD=   3.0
WARNING Cache miss (cache-only): ^NSEI @ 1d — no data available
  NESTLEIND        n= 117 WR= 46.1 PF=  1.00 avgR=-0.033 PnL%=  +0.04 DD=   3.0
WARNING Cache miss (cache-only): ^NSEI @ 1d — no data available
  TATACONSUM       n= 144 WR= 51.4 PF=  1.08 avgR=+0.046 PnL%=  +2.10 DD=   4.5
WARNING Cache miss (cache-only): ^NSEI @ 1d — no data available
  EICHERMOT        n= 113 WR= 50.4 PF=  1.02 avgR=+0.026 PnL%=  +0.47 DD=   4.3
WARNING Cache miss (cache-only): ^NSEI @ 1d — no data available
  CIPLA            n= 123 WR= 50.4 PF=  1.02 avgR=+0.016 PnL%=  +0.52 DD=   4.9
WARNING Cache miss (cache-only): ^NSEI @ 1d — no data available
  ICICIBANK        n= 100 WR= 60.0 PF=  1.97 avgR=+0.343 PnL%= +10.85 DD=   1.2
WARNING Cache miss (cache-only): ^NSEI @ 1d — no data available
  OIL              n= 139 WR= 54.7 PF=  1.20 avgR=+0.141 PnL%=  +5.25 DD=   3.6
WARNING Cache miss (cache-only): ^NSEI @ 1d — no data available
  ABB              n= 116 WR= 47.4 PF=  0.88 avgR=-0.043 PnL%=  -3.01 DD=   6.4
WARNING Cache miss (cache-only): ^NSEI @ 1d — no data available
  TORNTPHARM       n=  80 WR= 38.8 PF=  0.53 avgR=-0.231 PnL%=  -9.34 DD=  10.3
WARNING Cache miss (cache-only): ^NSEI @ 1d — no data available
  TECHM            n= 103 WR= 43.7 PF=  0.80 avgR=-0.085 PnL%=  -4.73 DD=  11.0
WARNING Cache miss (cache-only): ^NSEI @ 1d — no data available
  WIPRO            n= 134 WR= 48.5 PF=  0.98 avgR=+0.026 PnL%=  -0.40 DD=   5.4
WARNING Cache miss (cache-only): ^NSEI @ 1d — no data available
  INFY             n= 128 WR= 54.7 PF=  1.24 avgR=+0.124 PnL%=  +5.34 DD=   3.0
WARNING Cache miss (cache-only): ^NSEI @ 1d — no data available
  ONGC             n= 143 WR= 54.5 PF=  1.33 avgR=+0.156 PnL%=  +7.48 DD=   3.0
WARNING Cache miss (cache-only): ^NSEI @ 1d — no data available
  BHARTIARTL       n= 108 WR= 61.1 PF=  1.68 avgR=+0.244 PnL%=  +9.13 DD=   2.3
WARNING Cache miss (cache-only): ^NSEI @ 1d — no data available
  BSE              n= 115 WR= 48.7 PF=  1.05 avgR=-0.021 PnL%=  +1.24 DD=   5.2
WARNING Cache miss (cache-only): ^NSEI @ 1d — no data available
  PIDILITIND       n=  73 WR= 41.1 PF=  0.75 avgR=-0.140 PnL%=  -3.56 DD=   4.2
WARNING Cache miss (cache-only): ^NSEI @ 1d — no data available
  HDFCBANK         n= 104 WR= 53.9 PF=  1.21 avgR=+0.076 PnL%=  +3.63 DD=   4.2
WARNING Cache miss (cache-only): ^NSEI @ 1d — no data available
  ICICIPRULI       n= 124 WR= 54.0 PF=  1.32 avgR=+0.206 PnL%=  +7.94 DD=   4.8
WARNING Cache miss (cache-only): ^NSEI @ 1d — no data available
  ITC              n= 132 WR= 49.2 PF=  1.10 avgR=+0.043 PnL%=  +1.81 DD=   4.9
WARNING Cache miss (cache-only): ^NSEI @ 1d — no data available
  BEL              n= 102 WR= 51.0 PF=  1.11 avgR=+0.002 PnL%=  +1.98 DD=   5.1
WARNING Cache miss (cache-only): ^NSEI @ 1d — no data available
  DIVISLAB         n= 114 WR= 41.2 PF=  0.83 avgR=-0.162 PnL%=  -3.54 DD=   4.0
WARNING Cache miss (cache-only): ^NSEI @ 1d — no data available
  COALINDIA        n= 134 WR= 61.2 PF=  1.76 avgR=+0.252 PnL%= +13.25 DD=   2.0
WARNING Cache miss (cache-only): ^NSEI @ 1d — no data available
  TCS              n= 148 WR= 53.4 PF=  1.13 avgR=+0.130 PnL%=  +3.61 DD=   5.3
WARNING Cache miss (cache-only): ^NSEI @ 1d — no data available
  RELIANCE         n= 123 WR= 57.7 PF=  1.43 avgR=+0.172 PnL%=  +7.38 DD=   2.7
WARNING Cache miss (cache-only): ^NSEI @ 1d — no data available
  SBIN             n= 113 WR= 57.5 PF=  1.49 avgR=+0.139 PnL%=  +7.56 DD=   2.9
WARNING Cache miss (cache-only): ^NSEI @ 1d — no data available
  LT               n= 135 WR= 61.5 PF=  1.48 avgR=+0.178 PnL%=  +7.96 DD=   2.1
WARNING Cache miss (cache-only): ^NSEI @ 1d — no data available
  AXISBANK         n= 129 WR= 52.7 PF=  1.30 avgR=+0.137 PnL%=  +6.82 DD=   4.6
WARNING Cache miss (cache-only): ^NSEI @ 1d — no data available
  KOTAKBANK        n= 116 WR= 47.4 PF=  0.90 avgR=-0.023 PnL%=  -2.26 DD=   5.0

===== 15m / costs =====
WARNING Cache miss (cache-only): ^NSEI @ 1d — no data available
  HINDUNILVR       n= 124 WR= 54.0 PF=  1.26 avgR=+0.097 PnL%=  +4.49 DD=   2.8
WARNING Cache miss (cache-only): ^NSEI @ 1d — no data available
  MARUTI           n= 129 WR= 48.8 PF=  0.93 avgR=-0.009 PnL%=  -1.42 DD=   3.8
WARNING Cache miss (cache-only): ^NSEI @ 1d — no data available
  ADANIENT         n=  95 WR= 53.7 PF=  1.29 avgR=+0.083 PnL%=  +5.28 DD=   3.0
WARNING Cache miss (cache-only): ^NSEI @ 1d — no data available
  NESTLEIND        n= 117 WR= 46.1 PF=  1.00 avgR=-0.033 PnL%=  +0.04 DD=   3.0
WARNING Cache miss (cache-only): ^NSEI @ 1d — no data available
  TATACONSUM       n= 144 WR= 51.4 PF=  1.08 avgR=+0.046 PnL%=  +2.10 DD=   4.5
WARNING Cache miss (cache-only): ^NSEI @ 1d — no data available
  EICHERMOT        n= 113 WR= 50.4 PF=  1.02 avgR=+0.026 PnL%=  +0.47 DD=   4.3
WARNING Cache miss (cache-only): ^NSEI @ 1d — no data available
  CIPLA            n= 123 WR= 50.4 PF=  1.02 avgR=+0.016 PnL%=  +0.52 DD=   4.9
WARNING Cache miss (cache-only): ^NSEI @ 1d — no data available
  ICICIBANK        n= 100 WR= 60.0 PF=  1.97 avgR=+0.343 PnL%= +10.85 DD=   1.2
WARNING Cache miss (cache-only): ^NSEI @ 1d — no data available
  OIL              n= 139 WR= 54.7 PF=  1.20 avgR=+0.141 PnL%=  +5.25 DD=   3.6
WARNING Cache miss (cache-only): ^NSEI @ 1d — no data available
  ABB              n= 116 WR= 47.4 PF=  0.88 avgR=-0.043 PnL%=  -3.01 DD=   6.4
WARNING Cache miss (cache-only): ^NSEI @ 1d — no data available
  TORNTPHARM       n=  80 WR= 38.8 PF=  0.53 avgR=-0.231 PnL%=  -9.34 DD=  10.3
WARNING Cache miss (cache-only): ^NSEI @ 1d — no data available
  TECHM            n= 103 WR= 43.7 PF=  0.80 avgR=-0.085 PnL%=  -4.73 DD=  11.0
WARNING Cache miss (cache-only): ^NSEI @ 1d — no data available
  WIPRO            n= 134 WR= 48.5 PF=  0.98 avgR=+0.026 PnL%=  -0.40 DD=   5.4
WARNING Cache miss (cache-only): ^NSEI @ 1d — no data available
  INFY             n= 128 WR= 54.7 PF=  1.24 avgR=+0.124 PnL%=  +5.34 DD=   3.0
WARNING Cache miss (cache-only): ^NSEI @ 1d — no data available
  ONGC             n= 143 WR= 54.5 PF=  1.33 avgR=+0.156 PnL%=  +7.48 DD=   3.0
WARNING Cache miss (cache-only): ^NSEI @ 1d — no data available
  BHARTIARTL       n= 108 WR= 61.1 PF=  1.68 avgR=+0.244 PnL%=  +9.13 DD=   2.3
WARNING Cache miss (cache-only): ^NSEI @ 1d — no data available
  BSE              n= 115 WR= 48.7 PF=  1.05 avgR=-0.021 PnL%=  +1.24 DD=   5.2
WARNING Cache miss (cache-only): ^NSEI @ 1d — no data available
  PIDILITIND       n=  73 WR= 41.1 PF=  0.75 avgR=-0.140 PnL%=  -3.56 DD=   4.2
WARNING Cache miss (cache-only): ^NSEI @ 1d — no data available
  HDFCBANK         n= 104 WR= 53.9 PF=  1.21 avgR=+0.076 PnL%=  +3.63 DD=   4.2
WARNING Cache miss (cache-only): ^NSEI @ 1d — no data available
  ICICIPRULI       n= 124 WR= 54.0 PF=  1.32 avgR=+0.206 PnL%=  +7.94 DD=   4.8
WARNING Cache miss (cache-only): ^NSEI @ 1d — no data available
  ITC              n= 132 WR= 49.2 PF=  1.10 avgR=+0.043 PnL%=  +1.81 DD=   4.9
WARNING Cache miss (cache-only): ^NSEI @ 1d — no data available
  BEL              n= 102 WR= 51.0 PF=  1.11 avgR=+0.002 PnL%=  +1.98 DD=   5.1
WARNING Cache miss (cache-only): ^NSEI @ 1d — no data available
  DIVISLAB         n= 114 WR= 41.2 PF=  0.83 avgR=-0.162 PnL%=  -3.54 DD=   4.0
WARNING Cache miss (cache-only): ^NSEI @ 1d — no data available
  COALINDIA        n= 134 WR= 61.2 PF=  1.76 avgR=+0.252 PnL%= +13.25 DD=   2.0
WARNING Cache miss (cache-only): ^NSEI @ 1d — no data available
  TCS              n= 148 WR= 53.4 PF=  1.13 avgR=+0.130 PnL%=  +3.61 DD=   5.3
WARNING Cache miss (cache-only): ^NSEI @ 1d — no data available
  RELIANCE         n= 123 WR= 57.7 PF=  1.43 avgR=+0.172 PnL%=  +7.38 DD=   2.7
WARNING Cache miss (cache-only): ^NSEI @ 1d — no data available
  SBIN             n= 113 WR= 57.5 PF=  1.49 avgR=+0.139 PnL%=  +7.56 DD=   2.9
WARNING Cache miss (cache-only): ^NSEI @ 1d — no data available
  LT               n= 135 WR= 61.5 PF=  1.48 avgR=+0.178 PnL%=  +7.96 DD=   2.1
WARNING Cache miss (cache-only): ^NSEI @ 1d — no data available
  AXISBANK         n= 129 WR= 52.7 PF=  1.30 avgR=+0.137 PnL%=  +6.82 DD=   4.6
WARNING Cache miss (cache-only): ^NSEI @ 1d — no data available
  KOTAKBANK        n= 116 WR= 47.4 PF=  0.90 avgR=-0.023 PnL%=  -2.26 DD=   5.0

===== 1h / gross =====
ERROR HTTP Error 404: {"quoteSummary":{"result":null,"error":{"code":"Not Found","description":"Quote not found for symbol: ^NSEI.NS"}}}
ERROR $^NSEI.NS: possibly delisted; no price data found  (period=60d) (Yahoo error = "No data found, symbol may be delisted")
WARNING Cache miss (cache-only): ^NSEI @ 1h — no data available
WARNING Cache miss (cache-only): ^NSEI @ 1d — no data available
ERROR HTTP Error 404: {"quoteSummary":{"result":null,"error":{"code":"Not Found","description":"Quote not found for symbol: ^NSEBANK.NS"}}}
ERROR $^NSEBANK.NS: possibly delisted; no price data found  (period=60d) (Yahoo error = "No data found, symbol may be delisted")
WARNING Cache miss (cache-only): ^NSEBANK @ 1h — no data available
  HINDUNILVR       n=  80 WR= 45.0 PF=  0.76 avgR=-0.098 PnL%=  -4.34 DD=   5.5
ERROR $^NSEI.NS: possibly delisted; no price data found  (period=60d) (Yahoo error = "No data found, symbol may be delisted")
WARNING Cache miss (cache-only): ^NSEI @ 1h — no data available
WARNING Cache miss (cache-only): ^NSEI @ 1d — no data available
ERROR $^NSEBANK.NS: possibly delisted; no price data found  (period=60d) (Yahoo error = "No data found, symbol may be delisted")
WARNING Cache miss (cache-only): ^NSEBANK @ 1h — no data available
  MARUTI           n=  74 WR= 41.9 PF=  0.81 avgR=-0.107 PnL%=  -3.19 DD=   5.8
ERROR $^NSEI.NS: possibly delisted; no price data found  (period=60d) (Yahoo error = "No data found, symbol may be delisted")
WARNING Cache miss (cache-only): ^NSEI @ 1h — no data available
WARNING Cache miss (cache-only): ^NSEI @ 1d — no data available
ERROR $^NSEBANK.NS: possibly delisted; no price data found  (period=60d) (Yahoo error = "No data found, symbol may be delisted")
WARNING Cache miss (cache-only): ^NSEBANK @ 1h — no data available
  ADANIENT         n=  81 WR= 46.9 PF=  0.83 avgR=-0.076 PnL%=  -3.44 DD=   5.5
ERROR $^NSEI.NS: possibly delisted; no price data found  (period=60d) (Yahoo error = "No data found, symbol may be delisted")
WARNING Cache miss (cache-only): ^NSEI @ 1h — no data available
WARNING Cache miss (cache-only): ^NSEI @ 1d — no data available
ERROR $^NSEBANK.NS: possibly delisted; no price data found  (period=60d) (Yahoo error = "No data found, symbol may be delisted")
WARNING Cache miss (cache-only): ^NSEBANK @ 1h — no data available
  NESTLEIND        n=  78 WR= 46.1 PF=  0.78 avgR=-0.090 PnL%=  -4.49 DD=   6.1
ERROR $^NSEI.NS: possibly delisted; no price data found  (period=60d) (Yahoo error = "No data found, symbol may be delisted")
WARNING Cache miss (cache-only): ^NSEI @ 1h — no data available
WARNING Cache miss (cache-only): ^NSEI @ 1d — no data available
