
===== Relative Strength Momentum / WIDE sl1.5-tp4.0 / gross =====
WARNING Cache miss (cache-only): ^NSEI @ 1d — no data available
  HINDUNILVR     n=  12 WR= 25.0 PF=  0.24 avgR=-0.575 PnL%=  -3.34 net₹=    -1668
WARNING Cache miss (cache-only): ^NSEI @ 1d — no data available
  MARUTI         n=  20 WR= 20.0 PF=  0.22 avgR=-0.549 PnL%=  -4.77 net₹=    -2385
WARNING Cache miss (cache-only): ^NSEI @ 1d — no data available
  ADANIENT       n=  36 WR= 36.1 PF=  1.45 avgR=+0.176 PnL%=  +4.87 net₹=    +2433
WARNING Cache miss (cache-only): ^NSEI @ 1d — no data available
  NESTLEIND      n=  16 WR= 31.2 PF=  0.64 avgR=-0.228 PnL%=  -1.83 net₹=     -915
WARNING Cache miss (cache-only): ^NSEI @ 1d — no data available
  TATACONSUM     n=  16 WR= 68.8 PF=  1.63 avgR=+0.260 PnL%=  +1.65 net₹=     +827
WARNING Cache miss (cache-only): ^NSEI @ 1d — no data available
  EICHERMOT      n=  23 WR= 30.4 PF=  0.57 avgR=-0.355 PnL%=  -3.37 net₹=    -1687
WARNING Cache miss (cache-only): ^NSEI @ 1d — no data available
  CIPLA          n=  25 WR= 48.0 PF=  1.60 avgR=+0.316 PnL%=  +4.07 net₹=    +2035
WARNING Cache miss (cache-only): ^NSEI @ 1d — no data available
  ICICIBANK      n=  21 WR= 33.3 PF=  0.74 avgR=-0.239 PnL%=  -1.60 net₹=     -800
WARNING Cache miss (cache-only): ^NSEI @ 1d — no data available
  OIL            n=  20 WR= 25.0 PF=  0.37 avgR=-0.316 PnL%=  -4.24 net₹=    -2118
WARNING Cache miss (cache-only): ^NSEI @ 1d — no data available
  ABB            n=  23 WR= 47.8 PF=  1.53 avgR=+0.230 PnL%=  +2.91 net₹=    +1456
WARNING Cache miss (cache-only): ^NSEI @ 1d — no data available
  TORNTPHARM     n=  34 WR= 50.0 PF=  1.53 avgR=+0.314 PnL%=  +4.51 net₹=    +2254
WARNING Cache miss (cache-only): ^NSEI @ 1d — no data available
  TECHM          n=  20 WR= 45.0 PF=  1.32 avgR=+0.201 PnL%=  +1.78 net₹=     +888
WARNING Cache miss (cache-only): ^NSEI @ 1d — no data available
  WIPRO          n=  15 WR= 33.3 PF=  0.28 avgR=-0.425 PnL%=  -3.04 net₹=    -1522
WARNING Cache miss (cache-only): ^NSEI @ 1d — no data available
  INFY           n=  14 WR= 57.1 PF=  2.02 avgR=+0.274 PnL%=  +2.33 net₹=    +1167
WARNING Cache miss (cache-only): ^NSEI @ 1d — no data available
  ONGC           n=  15 WR= 33.3 PF=  0.49 avgR=-0.314 PnL%=  -2.30 net₹=    -1151
WARNING Cache miss (cache-only): ^NSEI @ 1d — no data available
  BHARTIARTL     n=  11 WR= 63.6 PF=  3.95 avgR=+0.866 PnL%=  +4.51 net₹=    +2254
WARNING Cache miss (cache-only): ^NSEI @ 1d — no data available
  BSE            n=  31 WR= 45.2 PF=  1.48 avgR=+0.396 PnL%=  +4.25 net₹=    +2127
WARNING Cache miss (cache-only): ^NSEI @ 1d — no data available
  PIDILITIND     n=  25 WR= 36.0 PF=  1.39 avgR=+0.202 PnL%=  +2.70 net₹=    +1351
WARNING Cache miss (cache-only): ^NSEI @ 1d — no data available
  HDFCBANK       n=  22 WR= 27.3 PF=  0.91 avgR=+0.014 PnL%=  -0.65 net₹=     -327
WARNING Cache miss (cache-only): ^NSEI @ 1d — no data available
  ICICIPRULI     n=  30 WR= 43.3 PF=  1.36 avgR=+0.249 PnL%=  +3.07 net₹=    +1535
WARNING Cache miss (cache-only): ^NSEI @ 1d — no data available
  ITC            n=   8 WR= 12.5 PF=  0.03 avgR=-0.804 PnL%=  -2.80 net₹=    -1400
WARNING Cache miss (cache-only): ^NSEI @ 1d — no data available
  BEL            n=  15 WR= 33.3 PF=  1.12 avgR=+0.024 PnL%=  +0.52 net₹=     +260
WARNING Cache miss (cache-only): ^NSEI @ 1d — no data available
  DIVISLAB       n=  19 WR= 21.1 PF=  0.27 avgR=-0.527 PnL%=  -4.89 net₹=    -2447
WARNING Cache miss (cache-only): ^NSEI @ 1d — no data available
  COALINDIA      n=  15 WR= 20.0 PF=  0.46 avgR=-0.345 PnL%=  -3.22 net₹=    -1612
WARNING Cache miss (cache-only): ^NSEI @ 1d — no data available
  TCS            n=  15 WR= 26.7 PF=  0.68 avgR=-0.251 PnL%=  -1.86 net₹=     -932
WARNING Cache miss (cache-only): ^NSEI @ 1d — no data available
  RELIANCE       n=   7 WR= 42.9 PF=  1.89 avgR=+0.388 PnL%=  +1.26 net₹=     +629
WARNING Cache miss (cache-only): ^NSEI @ 1d — no data available
  SBIN           n=  15 WR= 33.3 PF=  0.91 avgR=-0.029 PnL%=  -0.35 net₹=     -177
WARNING Cache miss (cache-only): ^NSEI @ 1d — no data available
  LT             n=  13 WR= 15.4 PF=  0.37 avgR=-0.419 PnL%=  -2.55 net₹=    -1277
WARNING Cache miss (cache-only): ^NSEI @ 1d — no data available
  AXISBANK       n=  14 WR= 21.4 PF=  0.56 avgR=-0.321 PnL%=  -2.39 net₹=    -1196
WARNING Cache miss (cache-only): ^NSEI @ 1d — no data available
  KOTAKBANK      n=  19 WR= 36.8 PF=  0.37 avgR=-0.329 PnL%=  -3.41 net₹=    -1707

Saved -> data/results/wide_rs_20260713_183003/wide_rs_gross.json
