
===== Institutional Probability / WIDE sl1.5-tp4.0 / costs =====
WARNING Cache miss (cache-only): ^NSEI @ 1d — no data available
  HINDUNILVR     no trades
WARNING Cache miss (cache-only): ^NSEI @ 1d — no data available
  MARUTI         no trades
WARNING Cache miss (cache-only): ^NSEI @ 1d — no data available
  ADANIENT       no trades
WARNING Cache miss (cache-only): ^NSEI @ 1d — no data available
  NESTLEIND      no trades
WARNING Cache miss (cache-only): ^NSEI @ 1d — no data available
  TATACONSUM     no trades
WARNING Cache miss (cache-only): ^NSEI @ 1d — no data available
  EICHERMOT      no trades
WARNING Cache miss (cache-only): ^NSEI @ 1d — no data available
  CIPLA          no trades
WARNING Cache miss (cache-only): ^NSEI @ 1d — no data available
  ICICIBANK      no trades
WARNING Cache miss (cache-only): ^NSEI @ 1d — no data available
  OIL            no trades
WARNING Cache miss (cache-only): ^NSEI @ 1d — no data available
  ABB            no trades
WARNING Cache miss (cache-only): ^NSEI @ 1d — no data available
  TORNTPHARM     no trades
WARNING Cache miss (cache-only): ^NSEI @ 1d — no data available
  TECHM          no trades
WARNING Cache miss (cache-only): ^NSEI @ 1d — no data available
  WIPRO          no trades
WARNING Cache miss (cache-only): ^NSEI @ 1d — no data available
  INFY           no trades
WARNING Cache miss (cache-only): ^NSEI @ 1d — no data available
  ONGC           no trades
WARNING Cache miss (cache-only): ^NSEI @ 1d — no data available
  BHARTIARTL     no trades
WARNING Cache miss (cache-only): ^NSEI @ 1d — no data available
  BSE            no trades
WARNING Cache miss (cache-only): ^NSEI @ 1d — no data available
  PIDILITIND     no trades
WARNING Cache miss (cache-only): ^NSEI @ 1d — no data available
  HDFCBANK       no trades
WARNING Cache miss (cache-only): ^NSEI @ 1d — no data available
  ICICIPRULI     no trades
WARNING Cache miss (cache-only): ^NSEI @ 1d — no data available
  ITC            no trades
WARNING Cache miss (cache-only): ^NSEI @ 1d — no data available
  BEL            no trades
WARNING Cache miss (cache-only): ^NSEI @ 1d — no data available
  DIVISLAB       no trades
WARNING Cache miss (cache-only): ^NSEI @ 1d — no data available
  COALINDIA      no trades
WARNING Cache miss (cache-only): ^NSEI @ 1d — no data available
  TCS            no trades
WARNING Cache miss (cache-only): ^NSEI @ 1d — no data available
  RELIANCE       no trades
WARNING Cache miss (cache-only): ^NSEI @ 1d — no data available
  SBIN           no trades
WARNING Cache miss (cache-only): ^NSEI @ 1d — no data available
  LT             no trades
WARNING Cache miss (cache-only): ^NSEI @ 1d — no data available
  AXISBANK       no trades
WARNING Cache miss (cache-only): ^NSEI @ 1d — no data available
  KOTAKBANK      no trades

Saved -> data/results/wide_short_20260713_183041/wide_short_costs.json
